Watching for file changes with StatReloader
Invalid HTTP_HOST header: '127.0.0.1:8000'. You may need to add '127.0.0.1' to ALLOWED_HOSTS.
Traceback (most recent call last):
  File "/home/rom/PycharmProjects/DJ/venv/lib/python3.10/site-packages/django/core/handlers/exception.py", line 55, in inner
    response = get_response(request)
  File "/home/rom/PycharmProjects/DJ/venv/lib/python3.10/site-packages/django/utils/deprecation.py", line 133, in __call__
    response = self.process_request(request)
  File "/home/rom/PycharmProjects/DJ/venv/lib/python3.10/site-packages/django/middleware/common.py", line 48, in process_request
    host = request.get_host()
  File "/home/rom/PycharmProjects/DJ/venv/lib/python3.10/site-packages/django/http/request.py", line 150, in get_host
    raise DisallowedHost(msg)
django.core.exceptions.DisallowedHost: Invalid HTTP_HOST header: '127.0.0.1:8000'. You may need to add '127.0.0.1' to ALLOWED_HOSTS.
Bad Request: /
"GET / HTTP/1.1" 400 71965
/home/rom/PycharmProjects/DJ/myproject/myproject/settings.py changed, reloading.
Watching for file changes with StatReloader
Not Found: /
"GET / HTTP/1.1" 404 2169
"GET /admin/ HTTP/1.1" 302 0
"GET /admin/login/?next=/admin/ HTTP/1.1" 200 4181
"GET /static/admin/js/theme.js HTTP/1.1" 200 1943
"GET /static/admin/css/dark_mode.css HTTP/1.1" 200 2929
"GET /static/admin/css/login.css HTTP/1.1" 200 958
"GET /static/admin/css/base.css HTTP/1.1" 200 21207
"GET /static/admin/css/nav_sidebar.css HTTP/1.1" 200 2694
"GET /static/admin/js/nav_sidebar.js HTTP/1.1" 200 3063
"GET /static/admin/css/responsive.css HTTP/1.1" 200 18533
"GET /admin/ HTTP/1.1" 302 0
"GET /admin/login/?next=/admin/ HTTP/1.1" 200 4181
Not Found: /
"GET / HTTP/1.1" 404 2169
"GET /prefix/ HTTP/1.1" 200 13
Not Found: /prefix/abea
"GET /prefix/abea HTTP/1.1" 404 2455
"GET /admin/login/?next=/admin/ HTTP/1.1" 200 4181
"GET /prefix/about/ HTTP/1.1" 200 8
"GET /prefix/about/ HTTP/1.1" 200 8
"GET /prefix HTTP/1.1" 301 0
"GET /prefix/ HTTP/1.1" 200 13
"GET /admin/ HTTP/1.1" 302 0
"GET /admin/login/?next=/admin/ HTTP/1.1" 200 4181
/home/rom/PycharmProjects/DJ/myproject/myproject/settings.py changed, reloading.
INFO 2023-08-23 19:39:42,342 autoreload 14577 140613020676544 Watching for file changes with StatReloader
WARNING 2023-08-23 19:39:45,797 log 14577 140612963206720 Not Found: /
WARNING 2023-08-23 19:39:45,798 basehttp 14577 140612963206720 "GET / HTTP/1.1" 404 2169
INFO 2023-08-23 19:40:08,503 basehttp 14577 140612963206720 "GET /admin/login/?next=/admin/ HTTP/1.1" 200 4181
INFO 2023-08-23 19:40:21,653 basehttp 14577 140612953765440 "GET /prefix/ HTTP/1.1" 200 13
WARNING 2023-08-23 19:40:35,907 log 14577 140612953765440 Not Found: /about/
WARNING 2023-08-23 19:40:35,908 basehttp 14577 140612953765440 "GET /about/ HTTP/1.1" 404 2203
INFO 2023-08-23 19:40:56,347 basehttp 14577 140612953765440 "GET /prefix/about/ HTTP/1.1" 200 8
INFO 2023-08-23 20:06:52,829 autoreload 16367 140433046012352 Watching for file changes with StatReloader
WARNING 2023-08-23 20:06:57,829 log 16367 140432988444224 Not Found: /
WARNING 2023-08-23 20:06:57,829 basehttp 16367 140432988444224 "GET / HTTP/1.1" 404 2172
WARNING 2023-08-23 20:06:57,869 log 16367 140432988444224 Not Found: /favicon.ico
WARNING 2023-08-23 20:06:57,869 basehttp 16367 140432988444224 "GET /favicon.ico HTTP/1.1" 404 2223
INFO 2023-08-23 20:07:07,778 basehttp 16367 140432988444224 "GET /prefix HTTP/1.1" 301 0
INFO 2023-08-23 20:07:07,784 basehttp 16367 140432988444224 "GET /prefix/ HTTP/1.1" 200 13
INFO 2023-08-23 20:40:30,054 autoreload 17457 140309261291968 Watching for file changes with StatReloader
INFO 2023-08-23 20:41:44,451 autoreload 17482 140716416307648 Watching for file changes with StatReloader
INFO 2023-08-23 20:56:10,893 autoreload 17886 139848296321472 Watching for file changes with StatReloader
INFO 2023-08-23 20:56:57,284 autoreload 17903 140668283388352 Watching for file changes with StatReloader
WARNING 2023-08-23 20:57:00,716 log 17903 140668225799744 Not Found: /
WARNING 2023-08-23 20:57:00,717 basehttp 17903 140668225799744 "GET / HTTP/1.1" 404 2274
ERROR 2023-08-23 20:57:10,804 log 17903 140668225799744 Internal Server Error: /my/
Traceback (most recent call last):
  File "/home/rom/PycharmProjects/DJ/venv/lib/python3.10/site-packages/django/core/handlers/exception.py", line 55, in inner
    response = get_response(request)
  File "/home/rom/PycharmProjects/DJ/venv/lib/python3.10/site-packages/django/utils/deprecation.py", line 136, in __call__
    response = self.process_response(request, response)
  File "/home/rom/PycharmProjects/DJ/venv/lib/python3.10/site-packages/django/middleware/clickjacking.py", line 27, in process_response
    if response.get("X-Frame-Options") is not None:
AttributeError: 'str' object has no attribute 'get'
ERROR 2023-08-23 20:57:10,805 basehttp 17903 140668225799744 "GET /my/ HTTP/1.1" 500 68097
INFO 2023-08-23 20:57:47,712 basehttp 17903 140668225799744 "GET /my HTTP/1.1" 301 0
ERROR 2023-08-23 20:57:47,730 log 17903 140668225799744 Internal Server Error: /my/
Traceback (most recent call last):
  File "/home/rom/PycharmProjects/DJ/venv/lib/python3.10/site-packages/django/core/handlers/exception.py", line 55, in inner
    response = get_response(request)
  File "/home/rom/PycharmProjects/DJ/venv/lib/python3.10/site-packages/django/utils/deprecation.py", line 136, in __call__
    response = self.process_response(request, response)
  File "/home/rom/PycharmProjects/DJ/venv/lib/python3.10/site-packages/django/middleware/clickjacking.py", line 27, in process_response
    if response.get("X-Frame-Options") is not None:
AttributeError: 'str' object has no attribute 'get'
ERROR 2023-08-23 20:57:47,731 basehttp 17903 140668225799744 "GET /my/ HTTP/1.1" 500 68097
INFO 2023-08-23 20:58:05,984 autoreload 17903 140668283388352 /home/rom/PycharmProjects/DJ/myproject/myproject/urls.py changed, reloading.
INFO 2023-08-23 20:58:06,187 autoreload 18599 140166964797888 Watching for file changes with StatReloader
WARNING 2023-08-23 20:58:09,200 log 18599 140166907311680 Not Found: /
WARNING 2023-08-23 20:58:09,201 basehttp 18599 140166907311680 "GET / HTTP/1.1" 404 2272
WARNING 2023-08-23 20:58:18,569 log 18599 140166907311680 Not Found: /my/
WARNING 2023-08-23 20:58:18,569 basehttp 18599 140166907311680 "GET /my/ HTTP/1.1" 404 2529
WARNING 2023-08-23 20:58:59,572 log 18599 140166907311680 Not Found: /avout_me/
WARNING 2023-08-23 20:58:59,572 basehttp 18599 140166907311680 "GET /avout_me/ HTTP/1.1" 404 2554
WARNING 2023-08-23 20:59:09,055 log 18599 140166907311680 Not Found: /ctivity/
WARNING 2023-08-23 20:59:09,056 basehttp 18599 140166907311680 "GET /ctivity/ HTTP/1.1" 404 2314
INFO 2023-08-23 20:59:16,535 basehttp 18599 140166907311680 "GET /admin/ HTTP/1.1" 302 0
INFO 2023-08-23 20:59:16,553 basehttp 18599 140166907311680 "GET /admin/login/?next=/admin/ HTTP/1.1" 200 4181
INFO 2023-08-23 20:59:16,636 basehttp 18599 140166907311680 "GET /static/admin/css/base.css HTTP/1.1" 304 0
INFO 2023-08-23 20:59:16,637 basehttp 18599 140166897870400 "GET /static/admin/css/dark_mode.css HTTP/1.1" 304 0
INFO 2023-08-23 20:59:16,639 basehttp 18599 140166889477696 "GET /static/admin/css/nav_sidebar.css HTTP/1.1" 304 0
INFO 2023-08-23 20:59:16,640 basehttp 18599 140166897870400 "GET /static/admin/css/responsive.css HTTP/1.1" 304 0
INFO 2023-08-23 20:59:16,640 basehttp 18599 140166881084992 "GET /static/admin/js/theme.js HTTP/1.1" 304 0
INFO 2023-08-23 20:59:16,641 basehttp 18599 140166872692288 "GET /static/admin/css/login.css HTTP/1.1" 304 0
INFO 2023-08-23 20:59:16,641 basehttp 18599 140166526137920 "GET /static/admin/js/nav_sidebar.js HTTP/1.1" 304 0
WARNING 2023-08-23 20:59:27,116 log 18599 140166517745216 Not Found: /prefix/
WARNING 2023-08-23 20:59:27,116 basehttp 18599 140166517745216 "GET /prefix/ HTTP/1.1" 404 2309
INFO 2023-08-23 21:01:07,858 autoreload 18599 140166964797888 /home/rom/PycharmProjects/DJ/myproject/myproject/urls.py changed, reloading.
INFO 2023-08-23 21:01:08,066 autoreload 19075 140343631270336 Watching for file changes with StatReloader
WARNING 2023-08-23 21:01:09,877 log 19075 140343573702208 Not Found: /
WARNING 2023-08-23 21:01:09,878 basehttp 19075 140343573702208 "GET / HTTP/1.1" 404 2274
INFO 2023-08-23 21:01:50,146 basehttp 19075 140343573702208 "GET /my/ HTTP/1.1" 200 40
WARNING 2023-08-23 21:02:24,724 log 19075 140343573702208 Not Found: /ctivity/
WARNING 2023-08-23 21:02:24,724 basehttp 19075 140343573702208 "GET /ctivity/ HTTP/1.1" 404 2316
INFO 2023-08-23 21:04:03,605 autoreload 19075 140343631270336 /home/rom/PycharmProjects/DJ/myproject/avout_me_app/urls.py changed, reloading.
INFO 2023-08-23 21:04:03,810 autoreload 19331 140297964270016 Watching for file changes with StatReloader
WARNING 2023-08-23 21:04:14,665 log 19331 140297906783808 Not Found: /
WARNING 2023-08-23 21:04:14,666 basehttp 19331 140297906783808 "GET / HTTP/1.1" 404 2274
WARNING 2023-08-23 21:04:20,529 log 19331 140297906783808 Not Found: /activity
WARNING 2023-08-23 21:04:20,529 basehttp 19331 140297906783808 "GET /activity HTTP/1.1" 404 2316
INFO 2023-08-23 21:04:29,882 autoreload 19485 140661649781184 Watching for file changes with StatReloader
WARNING 2023-08-23 21:04:31,824 log 19485 140661521118784 Not Found: /
WARNING 2023-08-23 21:04:31,824 basehttp 19485 140661521118784 "GET / HTTP/1.1" 404 2274
WARNING 2023-08-23 21:04:37,043 log 19485 140661521118784 Not Found: /activity
WARNING 2023-08-23 21:04:37,044 basehttp 19485 140661521118784 "GET /activity HTTP/1.1" 404 2316
INFO 2023-08-23 21:05:36,123 basehttp 19485 140661521118784 "GET /avout_me/activity HTTP/1.1" 301 0
INFO 2023-08-23 21:05:36,127 basehttp 19485 140661521118784 "GET /avout_me/activity/ HTTP/1.1" 200 121
INFO 2023-08-23 21:06:21,053 basehttp 19485 140661521118784 "GET /my/ HTTP/1.1" 200 40
INFO 2023-08-23 21:06:28,954 basehttp 19485 140661521118784 "GET /my/about HTTP/1.1" 301 0
INFO 2023-08-23 21:06:28,959 basehttp 19485 140661521118784 "GET /my/about/ HTTP/1.1" 200 53
INFO 2023-08-23 21:07:00,765 basehttp 19485 140661512726080 "GET /my/ HTTP/1.1" 200 40
INFO 2023-08-24 19:23:37,929 autoreload 8082 139790840840640 Watching for file changes with StatReloader
WARNING 2023-08-24 19:23:42,402 log 8082 139790715450944 Not Found: /
WARNING 2023-08-24 19:23:42,403 basehttp 8082 139790715450944 "GET / HTTP/1.1" 404 2274
INFO 2023-08-24 19:23:52,822 basehttp 8082 139790715450944 "GET /my/ HTTP/1.1" 200 40
WARNING 2023-08-24 19:24:04,197 log 8082 139790715450944 Not Found: /prefix/about/
WARNING 2023-08-24 19:24:04,197 basehttp 8082 139790715450944 "GET /prefix/about/ HTTP/1.1" 404 2331
WARNING 2023-08-24 19:24:13,174 log 8082 139790715450944 Not Found: /prefix/
WARNING 2023-08-24 19:24:13,175 basehttp 8082 139790715450944 "GET /prefix/ HTTP/1.1" 404 2313
WARNING 2023-08-24 19:24:27,051 log 8082 139790715450944 Not Found: /avout_me
WARNING 2023-08-24 19:24:27,052 basehttp 8082 139790715450944 "GET /avout_me HTTP/1.1" 404 2316
WARNING 2023-08-24 19:24:33,676 log 8082 139790715450944 Not Found: /avout_me/
WARNING 2023-08-24 19:24:33,676 basehttp 8082 139790715450944 "GET /avout_me/ HTTP/1.1" 404 2562
WARNING 2023-08-24 19:24:46,608 log 8082 139790715450944 Not Found: /avout_me/ my/
WARNING 2023-08-24 19:24:46,608 basehttp 8082 139790715450944 "GET /avout_me/%20my/ HTTP/1.1" 404 2576
WARNING 2023-08-24 19:25:08,816 log 8082 139790715450944 Not Found: /activity
WARNING 2023-08-24 19:25:08,816 basehttp 8082 139790715450944 "GET /activity HTTP/1.1" 404 2316
INFO 2023-08-24 19:25:31,125 basehttp 8082 139790715450944 "GET /admin HTTP/1.1" 301 0
INFO 2023-08-24 19:25:31,140 basehttp 8082 139790715450944 "GET /admin/ HTTP/1.1" 302 0
INFO 2023-08-24 19:25:31,166 basehttp 8082 139790715450944 "GET /admin/login/?next=/admin/ HTTP/1.1" 200 4181
INFO 2023-08-24 19:25:31,265 basehttp 8082 139790697616960 "GET /static/admin/js/theme.js HTTP/1.1" 304 0
INFO 2023-08-24 19:25:31,265 basehttp 8082 139790689224256 "GET /static/admin/css/nav_sidebar.css HTTP/1.1" 304 0
INFO 2023-08-24 19:25:31,268 basehttp 8082 139790697616960 "GET /static/admin/js/nav_sidebar.js HTTP/1.1" 304 0
INFO 2023-08-24 19:25:31,268 basehttp 8082 139790679782976 "GET /static/admin/css/login.css HTTP/1.1" 304 0
INFO 2023-08-24 19:25:31,269 basehttp 8082 139790671390272 "GET /static/admin/css/responsive.css HTTP/1.1" 304 0
INFO 2023-08-24 19:25:31,269 basehttp 8082 139790706009664 "GET /static/admin/css/dark_mode.css HTTP/1.1" 200 2929
INFO 2023-08-24 19:25:31,269 basehttp 8082 139790715450944 "GET /static/admin/css/base.css HTTP/1.1" 200 21207
INFO 2023-08-25 18:50:49,167 autoreload 12491 140634244841920 Watching for file changes with StatReloader
INFO 2023-08-25 18:52:34,103 autoreload 12628 139718777807296 Watching for file changes with StatReloader
WARNING 2023-08-25 18:52:39,735 log 12628 139718641579584 Not Found: /
WARNING 2023-08-25 18:52:39,736 basehttp 12628 139718641579584 "GET / HTTP/1.1" 404 2274
INFO 2023-08-25 18:58:13,694 autoreload 13290 140196257849792 Watching for file changes with StatReloader
WARNING 2023-08-25 19:01:24,522 log 13290 140196121146944 Not Found: /
WARNING 2023-08-25 19:01:24,523 basehttp 13290 140196121146944 "GET / HTTP/1.1" 404 2274
INFO 2023-08-25 19:01:30,164 basehttp 13290 140196121146944 "GET /my/ HTTP/1.1" 200 40
INFO 2023-08-25 19:01:36,520 basehttp 13290 140196121146944 "GET /admin/ HTTP/1.1" 302 0
INFO 2023-08-25 19:01:36,537 basehttp 13290 140196121146944 "GET /admin/login/?next=/admin/ HTTP/1.1" 200 4181
INFO 2023-08-25 19:01:36,607 basehttp 13290 140196121146944 "GET /static/admin/css/base.css HTTP/1.1" 304 0
INFO 2023-08-25 19:01:36,609 basehttp 13290 140196112754240 "GET /static/admin/css/dark_mode.css HTTP/1.1" 304 0
INFO 2023-08-25 19:01:36,610 basehttp 13290 140196104361536 "GET /static/admin/css/nav_sidebar.css HTTP/1.1" 304 0
INFO 2023-08-25 19:01:36,611 basehttp 13290 140196095968832 "GET /static/admin/css/login.css HTTP/1.1" 304 0
INFO 2023-08-25 19:01:36,612 basehttp 13290 140196112754240 "GET /static/admin/js/nav_sidebar.js HTTP/1.1" 304 0
INFO 2023-08-25 19:01:36,612 basehttp 13290 140196087576128 "GET /static/admin/css/responsive.css HTTP/1.1" 304 0
INFO 2023-08-25 19:01:36,613 basehttp 13290 140196079183424 "GET /static/admin/js/theme.js HTTP/1.1" 304 0
WARNING 2023-08-25 19:01:44,325 log 13290 140196121146944 Not Found: /prefix/about/
WARNING 2023-08-25 19:01:44,325 basehttp 13290 140196121146944 "GET /prefix/about/ HTTP/1.1" 404 2331
WARNING 2023-08-25 19:01:50,198 log 13290 140196121146944 Not Found: /prefix/
WARNING 2023-08-25 19:01:50,199 basehttp 13290 140196121146944 "GET /prefix/ HTTP/1.1" 404 2313
WARNING 2023-08-25 19:01:52,076 log 13290 140196121146944 Not Found: /prefix/
WARNING 2023-08-25 19:01:52,076 basehttp 13290 140196121146944 "GET /prefix/ HTTP/1.1" 404 2313
INFO 2023-08-25 19:02:03,166 basehttp 13290 140196121146944 "GET /my/about/ HTTP/1.1" 200 53
INFO 2023-08-25 19:02:15,550 basehttp 13290 140196121146944 "GET /avout_me/activity/ HTTP/1.1" 200 121
